<?xml version="1.0" encoding="UTF-8"?>
<testsuite name="jaeseokstudy.jpademo.MemberTest" tests="2" skipped="0" failures="0" errors="0" timestamp="2023-04-17T14:23:14" hostname="gojaeseog-ui-MacBookAir.local" time="0.659">
  <properties/>
  <testcase name="example()" classname="jaeseokstudy.jpademo.MemberTest" time="0.633"/>
  <testcase name="throwExceptionOutOfTransaction()" classname="jaeseokstudy.jpademo.MemberTest" time="0.017"/>
  <system-out><![CDATA[23:23:09.679 [Test worker] DEBUG org.springframework.boot.test.context.SpringBootTestContextBootstrapper -- Neither @ContextConfiguration nor @ContextHierarchy found for test class [MemberTest]: using SpringBootContextLoader
23:23:09.689 [Test worker] DEBUG org.springframework.test.context.support.AbstractContextLoader -- Could not detect default resource locations for test class [jaeseokstudy.jpademo.MemberTest]: no resource found for suffixes {-context.xml, Context.groovy}.
23:23:09.690 [Test worker] INFO org.springframework.test.context.support.AnnotationConfigContextLoaderUtils -- Could not detect default configuration classes for test class [jaeseokstudy.jpademo.MemberTest]: MemberTest does not declare any static, non-private, non-final, nested classes annotated with @Configuration.
23:23:09.725 [Test worker] DEBUG org.springframework.boot.test.context.SpringBootTestContextBootstrapper -- Using ContextCustomizers for test class [MemberTest]: [DisableObservabilityContextCustomizer, PropertyMappingContextCustomizer, Customizer, ExcludeFilterContextCustomizer, DuplicateJsonObjectContextCustomizer, MockitoContextCustomizer, TestRestTemplateContextCustomizer]
23:23:09.845 [Test worker] DEBUG org.springframework.context.annotation.ClassPathScanningCandidateComponentProvider -- Identified candidate component class: file [/Users/gojaeseok/Desktop/jpa-study-demo/build/classes/java/main/jaeseokstudy/jpademo/JpademoApplication.class]
23:23:09.855 [Test worker] INFO org.springframework.boot.test.context.SpringBootTestContextBootstrapper -- Found @SpringBootConfiguration jaeseokstudy.jpademo.JpademoApplication for test class jaeseokstudy.jpademo.MemberTest
23:23:09.944 [Test worker] DEBUG org.springframework.boot.test.context.SpringBootTestContextBootstrapper -- Using TestExecutionListeners for test class [MemberTest]: [ServletTestExecutionListener, DirtiesContextBeforeModesTestExecutionListener, ApplicationEventsTestExecutionListener, MockitoTestExecutionListener, DependencyInjectionTestExecutionListener, DirtiesContextTestExecutionListener, TransactionalTestExecutionListener, SqlScriptsTestExecutionListener, EventPublishingTestExecutionListener, RestDocsTestExecutionListener, MockRestServiceServerResetTestExecutionListener, MockMvcPrintOnlyOnFailureTestExecutionListener, WebDriverTestExecutionListener, MockWebServiceServerTestExecutionListener, ResetMocksTestExecutionListener]
23:23:09.946 [Test worker] DEBUG org.springframework.test.context.support.AbstractDirtiesContextTestExecutionListener -- Before test class: class [MemberTest], class annotated with @DirtiesContext [false] with mode [null]

  .   ____          _            __ _ _
 /\\ / ___'_ __ _ _(_)_ __  __ _ \ \ \ \
( ( )\___ | '_ | '_| | '_ \/ _` | \ \ \ \
 \\/  ___)| |_)| | | | | || (_| |  ) ) ) )
  '  |____| .__|_| |_|_| |_\__, | / / / /
 =========|_|==============|___/=/_/_/_/
 :: Spring Boot ::                (v3.0.5)

2023-04-17T23:23:10.414+09:00  INFO 19692 --- [    Test worker] jaeseokstudy.jpademo.MemberTest          : Starting MemberTest using Java 17.0.6 with PID 19692 (started by gojaeseok in /Users/gojaeseok/Desktop/jpa-study-demo)
2023-04-17T23:23:10.416+09:00  INFO 19692 --- [    Test worker] jaeseokstudy.jpademo.MemberTest          : No active profile set, falling back to 1 default profile: "default"
2023-04-17T23:23:11.380+09:00  INFO 19692 --- [    Test worker] .s.d.r.c.RepositoryConfigurationDelegate : Bootstrapping Spring Data JPA repositories in DEFAULT mode.
2023-04-17T23:23:11.409+09:00  INFO 19692 --- [    Test worker] .s.d.r.c.RepositoryConfigurationDelegate : Finished Spring Data repository scanning in 18 ms. Found 0 JPA repository interfaces.
2023-04-17T23:23:12.152+09:00  INFO 19692 --- [    Test worker] com.zaxxer.hikari.HikariDataSource       : HikariPool-1 - Starting...
2023-04-17T23:23:12.329+09:00  INFO 19692 --- [    Test worker] com.zaxxer.hikari.pool.HikariPool        : HikariPool-1 - Added connection conn0: url=jdbc:h2:~/test user=SA
2023-04-17T23:23:12.330+09:00  INFO 19692 --- [    Test worker] com.zaxxer.hikari.HikariDataSource       : HikariPool-1 - Start completed.
2023-04-17T23:23:12.424+09:00  INFO 19692 --- [    Test worker] o.hibernate.jpa.internal.util.LogHelper  : HHH000204: Processing PersistenceUnitInfo [name: default]
2023-04-17T23:23:12.465+09:00  INFO 19692 --- [    Test worker] org.hibernate.Version                    : HHH000412: Hibernate ORM core version 6.1.7.Final
2023-04-17T23:23:12.803+09:00  INFO 19692 --- [    Test worker] SQL dialect                              : HHH000400: Using dialect: org.hibernate.dialect.H2Dialect
2023-04-17T23:23:13.370+09:00  INFO 19692 --- [    Test worker] o.h.e.t.j.p.i.JtaPlatformInitiator       : HHH000490: Using JtaPlatform implementation: [org.hibernate.engine.transaction.jta.platform.internal.NoJtaPlatform]
2023-04-17T23:23:13.383+09:00  INFO 19692 --- [    Test worker] j.LocalContainerEntityManagerFactoryBean : Initialized JPA EntityManagerFactory for persistence unit 'default'
2023-04-17T23:23:13.632+09:00  WARN 19692 --- [    Test worker] JpaBaseConfiguration$JpaWebConfiguration : spring.jpa.open-in-view is enabled by default. Therefore, database queries may be performed during view rendering. Explicitly configure spring.jpa.open-in-view to disable this warning
2023-04-17T23:23:14.077+09:00  INFO 19692 --- [    Test worker] o.s.b.a.h2.H2ConsoleAutoConfiguration    : H2 console available at '/h2-console'. Database available at 'jdbc:h2:~/test'
2023-04-17T23:23:14.142+09:00  INFO 19692 --- [    Test worker] jaeseokstudy.jpademo.MemberTest          : Started MemberTest in 4.143 seconds (process running for 5.603)
findMember=재석, age=20
Hibernate: 
    /* insert jaeseokstudy.jpademo.Member
        */ insert 
    into
        member (age, name, id) 
    values
        (?, ?, ?)
Hibernate: 
    /* update
        jaeseokstudy.jpademo.Member */ update member 
    set
        age=?,
        name=? 
    where
        id=?
Hibernate: 
    /* select
        m 
    from
        Member m */ select
            m1_0.id,
            m1_0.age,
            m1_0.name 
        from
            member m1_0
members.size=1
Hibernate: 
    /* delete jaeseokstudy.jpademo.Member */ delete 
    from
        member 
    where
        id=?
findMember=재석, age=20
Hibernate: 
    /* select
        m 
    from
        Member m */ select
            m1_0.id,
            m1_0.age,
            m1_0.name 
        from
            member m1_0
members.size=0
]]></system-out>
  <system-err><![CDATA[]]></system-err>
</testsuite>
