<?xml version="1.0" encoding="UTF-8"?>
<testsuite name="jaeseokstudy.jpademo.MemberTest" tests="3" skipped="0" failures="0" errors="0" timestamp="2023-04-18T13:25:00" hostname="gojaeseog-ui-MacBookAir.local" time="0.684">
  <properties/>
  <testcase name="example()" classname="jaeseokstudy.jpademo.MemberTest" time="0.647"/>
  <testcase name="영속성 컨텍스트에서 같은 id로 엔티티를 조회했을 때, 항상 같은 인스턴스를 반환한다." classname="jaeseokstudy.jpademo.MemberTest" time="0.015"/>
  <testcase name="lazyWriteTest()" classname="jaeseokstudy.jpademo.MemberTest" time="0.009"/>
  <system-out><![CDATA[22:24:55.880 [Test worker] DEBUG org.springframework.boot.test.context.SpringBootTestContextBootstrapper -- Neither @ContextConfiguration nor @ContextHierarchy found for test class [MemberTest]: using SpringBootContextLoader
22:24:55.889 [Test worker] DEBUG org.springframework.test.context.support.AbstractContextLoader -- Could not detect default resource locations for test class [jaeseokstudy.jpademo.MemberTest]: no resource found for suffixes {-context.xml, Context.groovy}.
22:24:55.890 [Test worker] INFO org.springframework.test.context.support.AnnotationConfigContextLoaderUtils -- Could not detect default configuration classes for test class [jaeseokstudy.jpademo.MemberTest]: MemberTest does not declare any static, non-private, non-final, nested classes annotated with @Configuration.
22:24:55.918 [Test worker] DEBUG org.springframework.boot.test.context.SpringBootTestContextBootstrapper -- Using ContextCustomizers for test class [MemberTest]: [DisableObservabilityContextCustomizer, PropertyMappingContextCustomizer, Customizer, ExcludeFilterContextCustomizer, DuplicateJsonObjectContextCustomizer, MockitoContextCustomizer, TestRestTemplateContextCustomizer]
22:24:56.040 [Test worker] DEBUG org.springframework.context.annotation.ClassPathScanningCandidateComponentProvider -- Identified candidate component class: file [/Users/gojaeseok/Desktop/jpa-study-demo/build/classes/java/main/jaeseokstudy/jpademo/JpademoApplication.class]
22:24:56.051 [Test worker] INFO org.springframework.boot.test.context.SpringBootTestContextBootstrapper -- Found @SpringBootConfiguration jaeseokstudy.jpademo.JpademoApplication for test class jaeseokstudy.jpademo.MemberTest
22:24:56.147 [Test worker] DEBUG org.springframework.boot.test.context.SpringBootTestContextBootstrapper -- Using TestExecutionListeners for test class [MemberTest]: [ServletTestExecutionListener, DirtiesContextBeforeModesTestExecutionListener, ApplicationEventsTestExecutionListener, MockitoTestExecutionListener, DependencyInjectionTestExecutionListener, DirtiesContextTestExecutionListener, TransactionalTestExecutionListener, SqlScriptsTestExecutionListener, EventPublishingTestExecutionListener, RestDocsTestExecutionListener, MockRestServiceServerResetTestExecutionListener, MockMvcPrintOnlyOnFailureTestExecutionListener, WebDriverTestExecutionListener, MockWebServiceServerTestExecutionListener, ResetMocksTestExecutionListener]
22:24:56.148 [Test worker] DEBUG org.springframework.test.context.support.AbstractDirtiesContextTestExecutionListener -- Before test class: class [MemberTest], class annotated with @DirtiesContext [false] with mode [null]

  .   ____          _            __ _ _
 /\\ / ___'_ __ _ _(_)_ __  __ _ \ \ \ \
( ( )\___ | '_ | '_| | '_ \/ _` | \ \ \ \
 \\/  ___)| |_)| | | | | || (_| |  ) ) ) )
  '  |____| .__|_| |_|_| |_\__, | / / / /
 =========|_|==============|___/=/_/_/_/
 :: Spring Boot ::                (v3.0.5)

2023-04-18T22:24:56.682+09:00  INFO 22287 --- [    Test worker] jaeseokstudy.jpademo.MemberTest          : Starting MemberTest using Java 17.0.6 with PID 22287 (started by gojaeseok in /Users/gojaeseok/Desktop/jpa-study-demo)
2023-04-18T22:24:56.684+09:00  INFO 22287 --- [    Test worker] jaeseokstudy.jpademo.MemberTest          : No active profile set, falling back to 1 default profile: "default"
2023-04-18T22:24:57.732+09:00  INFO 22287 --- [    Test worker] .s.d.r.c.RepositoryConfigurationDelegate : Bootstrapping Spring Data JPA repositories in DEFAULT mode.
2023-04-18T22:24:57.760+09:00  INFO 22287 --- [    Test worker] .s.d.r.c.RepositoryConfigurationDelegate : Finished Spring Data repository scanning in 19 ms. Found 0 JPA repository interfaces.
2023-04-18T22:24:58.512+09:00  INFO 22287 --- [    Test worker] com.zaxxer.hikari.HikariDataSource       : HikariPool-1 - Starting...
2023-04-18T22:24:58.709+09:00  INFO 22287 --- [    Test worker] com.zaxxer.hikari.pool.HikariPool        : HikariPool-1 - Added connection conn0: url=jdbc:h2:~/test user=SA
2023-04-18T22:24:58.711+09:00  INFO 22287 --- [    Test worker] com.zaxxer.hikari.HikariDataSource       : HikariPool-1 - Start completed.
2023-04-18T22:24:58.788+09:00  INFO 22287 --- [    Test worker] o.hibernate.jpa.internal.util.LogHelper  : HHH000204: Processing PersistenceUnitInfo [name: default]
2023-04-18T22:24:58.841+09:00  INFO 22287 --- [    Test worker] org.hibernate.Version                    : HHH000412: Hibernate ORM core version 6.1.7.Final
2023-04-18T22:24:59.160+09:00  INFO 22287 --- [    Test worker] SQL dialect                              : HHH000400: Using dialect: org.hibernate.dialect.H2Dialect
2023-04-18T22:24:59.744+09:00  INFO 22287 --- [    Test worker] o.h.e.t.j.p.i.JtaPlatformInitiator       : HHH000490: Using JtaPlatform implementation: [org.hibernate.engine.transaction.jta.platform.internal.NoJtaPlatform]
2023-04-18T22:24:59.751+09:00  INFO 22287 --- [    Test worker] j.LocalContainerEntityManagerFactoryBean : Initialized JPA EntityManagerFactory for persistence unit 'default'
2023-04-18T22:24:59.989+09:00  WARN 22287 --- [    Test worker] JpaBaseConfiguration$JpaWebConfiguration : spring.jpa.open-in-view is enabled by default. Therefore, database queries may be performed during view rendering. Explicitly configure spring.jpa.open-in-view to disable this warning
2023-04-18T22:25:00.432+09:00  INFO 22287 --- [    Test worker] o.s.b.a.h2.H2ConsoleAutoConfiguration    : H2 console available at '/h2-console'. Database available at 'jdbc:h2:~/test'
2023-04-18T22:25:00.502+09:00  INFO 22287 --- [    Test worker] jaeseokstudy.jpademo.MemberTest          : Started MemberTest in 4.305 seconds (process running for 5.787)
findMember=재석, age=20
Hibernate: 
    /* insert jaeseokstudy.jpademo.Member
        */ insert 
    into
        member (age, name, id) 
    values
        (?, ?, ?)
Hibernate: 
    /* update
        jaeseokstudy.jpademo.Member */ update member 
    set
        age=?,
        name=? 
    where
        id=?
Hibernate: 
    /* select
        m 
    from
        Member m */ select
            m1_0.id,
            m1_0.age,
            m1_0.name 
        from
            member m1_0
members.size=1
Hibernate: 
    /* delete jaeseokstudy.jpademo.Member */ delete 
    from
        member 
    where
        id=?
=== create member1 instance ===
=== create member2 instance ===
=== persist member1 ===
=== persist member2 ===
=== commit start ===
Hibernate: 
    /* insert jaeseokstudy.jpademo.Member
        */ insert 
    into
        member (age, name, id) 
    values
        (?, ?, ?)
Hibernate: 
    /* insert jaeseokstudy.jpademo.Member
        */ insert 
    into
        member (age, name, id) 
    values
        (?, ?, ?)
=== commit end ===
]]></system-out>
  <system-err><![CDATA[]]></system-err>
</testsuite>
