<?xml version="1.0" encoding="UTF-8"?>
<testsuite name="jaeseokstudy.jpademo.MemberTeamTest" tests="1" skipped="0" failures="0" errors="0" timestamp="2023-04-20T14:28:05" hostname="gojaeseog-ui-MacBookAir.local" time="0.26">
  <properties/>
  <testcase name="단방향 연관관계를 이용해서 정상적으로 데이터를 저장하고 조회한다." classname="jaeseokstudy.jpademo.MemberTeamTest" time="0.26"/>
  <system-out><![CDATA[23:28:00.303 [Test worker] DEBUG org.springframework.boot.test.context.SpringBootTestContextBootstrapper -- Neither @ContextConfiguration nor @ContextHierarchy found for test class [MemberTeamTest]: using SpringBootContextLoader
23:28:00.314 [Test worker] DEBUG org.springframework.test.context.support.AbstractContextLoader -- Could not detect default resource locations for test class [jaeseokstudy.jpademo.MemberTeamTest]: no resource found for suffixes {-context.xml, Context.groovy}.
23:28:00.315 [Test worker] INFO org.springframework.test.context.support.AnnotationConfigContextLoaderUtils -- Could not detect default configuration classes for test class [jaeseokstudy.jpademo.MemberTeamTest]: MemberTeamTest does not declare any static, non-private, non-final, nested classes annotated with @Configuration.
23:28:00.353 [Test worker] DEBUG org.springframework.boot.test.context.SpringBootTestContextBootstrapper -- Using ContextCustomizers for test class [MemberTeamTest]: [DisableObservabilityContextCustomizer, PropertyMappingContextCustomizer, Customizer, ExcludeFilterContextCustomizer, DuplicateJsonObjectContextCustomizer, MockitoContextCustomizer, TestRestTemplateContextCustomizer]
23:28:00.484 [Test worker] DEBUG org.springframework.context.annotation.ClassPathScanningCandidateComponentProvider -- Identified candidate component class: file [/Users/gojaeseok/Desktop/jpa-study-demo/build/classes/java/main/jaeseokstudy/jpademo/JpademoApplication.class]
23:28:00.491 [Test worker] INFO org.springframework.boot.test.context.SpringBootTestContextBootstrapper -- Found @SpringBootConfiguration jaeseokstudy.jpademo.JpademoApplication for test class jaeseokstudy.jpademo.MemberTeamTest
23:28:00.599 [Test worker] DEBUG org.springframework.boot.test.context.SpringBootTestContextBootstrapper -- Using TestExecutionListeners for test class [MemberTeamTest]: [ServletTestExecutionListener, DirtiesContextBeforeModesTestExecutionListener, ApplicationEventsTestExecutionListener, MockitoTestExecutionListener, DependencyInjectionTestExecutionListener, DirtiesContextTestExecutionListener, TransactionalTestExecutionListener, SqlScriptsTestExecutionListener, EventPublishingTestExecutionListener, RestDocsTestExecutionListener, MockRestServiceServerResetTestExecutionListener, MockMvcPrintOnlyOnFailureTestExecutionListener, WebDriverTestExecutionListener, MockWebServiceServerTestExecutionListener, ResetMocksTestExecutionListener]
23:28:00.604 [Test worker] DEBUG org.springframework.test.context.support.AbstractDirtiesContextTestExecutionListener -- Before test class: class [MemberTeamTest], class annotated with @DirtiesContext [false] with mode [null]

  .   ____          _            __ _ _
 /\\ / ___'_ __ _ _(_)_ __  __ _ \ \ \ \
( ( )\___ | '_ | '_| | '_ \/ _` | \ \ \ \
 \\/  ___)| |_)| | | | | || (_| |  ) ) ) )
  '  |____| .__|_| |_|_| |_\__, | / / / /
 =========|_|==============|___/=/_/_/_/
 :: Spring Boot ::                (v3.0.5)

2023-04-20T23:28:01.113+09:00  INFO 26739 --- [    Test worker] jaeseokstudy.jpademo.MemberTeamTest      : Starting MemberTeamTest using Java 17.0.6 with PID 26739 (started by gojaeseok in /Users/gojaeseok/Desktop/jpa-study-demo)
2023-04-20T23:28:01.115+09:00  INFO 26739 --- [    Test worker] jaeseokstudy.jpademo.MemberTeamTest      : No active profile set, falling back to 1 default profile: "default"
2023-04-20T23:28:02.245+09:00  INFO 26739 --- [    Test worker] .s.d.r.c.RepositoryConfigurationDelegate : Bootstrapping Spring Data JPA repositories in DEFAULT mode.
2023-04-20T23:28:02.274+09:00  INFO 26739 --- [    Test worker] .s.d.r.c.RepositoryConfigurationDelegate : Finished Spring Data repository scanning in 17 ms. Found 0 JPA repository interfaces.
2023-04-20T23:28:03.083+09:00  INFO 26739 --- [    Test worker] o.hibernate.jpa.internal.util.LogHelper  : HHH000204: Processing PersistenceUnitInfo [name: default]
2023-04-20T23:28:03.129+09:00  INFO 26739 --- [    Test worker] org.hibernate.Version                    : HHH000412: Hibernate ORM core version 6.1.7.Final
2023-04-20T23:28:03.417+09:00  INFO 26739 --- [    Test worker] com.zaxxer.hikari.HikariDataSource       : HikariPool-1 - Starting...
2023-04-20T23:28:03.701+09:00  INFO 26739 --- [    Test worker] com.zaxxer.hikari.pool.HikariPool        : HikariPool-1 - Added connection conn0: url=jdbc:h2:~/test user=SA
2023-04-20T23:28:03.708+09:00  INFO 26739 --- [    Test worker] com.zaxxer.hikari.HikariDataSource       : HikariPool-1 - Start completed.
2023-04-20T23:28:03.731+09:00  INFO 26739 --- [    Test worker] SQL dialect                              : HHH000400: Using dialect: org.hibernate.dialect.H2Dialect
2023-04-20T23:28:04.311+09:00  INFO 26739 --- [    Test worker] o.h.m.i.EntityInstantiatorPojoStandard   : HHH000182: No default (no-argument) constructor for class: jaeseokstudy.jpademo.Team (class must be instantiated by Interceptor)
2023-04-20T23:28:04.363+09:00  INFO 26739 --- [    Test worker] o.h.m.i.EntityInstantiatorPojoStandard   : HHH000182: No default (no-argument) constructor for class: jaeseokstudy.jpademo.Member (class must be instantiated by Interceptor)
Hibernate: 
    
    drop table if exists member cascade 
Hibernate: 
    
    drop table if exists team cascade 
Hibernate: 
    
    create table member (
       member_id varchar(255) not null,
        username varchar(255),
        team_id varchar(255),
        primary key (member_id)
    )
Hibernate: 
    
    create table team (
       team_id varchar(255) not null,
        name varchar(255),
        primary key (team_id)
    )
Hibernate: 
    
    alter table if exists member 
       add constraint FKcjte2jn9pvo9ud2hyfgwcja0k 
       foreign key (team_id) 
       references team
2023-04-20T23:28:04.483+09:00  INFO 26739 --- [    Test worker] o.h.e.t.j.p.i.JtaPlatformInitiator       : HHH000490: Using JtaPlatform implementation: [org.hibernate.engine.transaction.jta.platform.internal.NoJtaPlatform]
2023-04-20T23:28:04.492+09:00  INFO 26739 --- [    Test worker] j.LocalContainerEntityManagerFactoryBean : Initialized JPA EntityManagerFactory for persistence unit 'default'
2023-04-20T23:28:04.733+09:00  WARN 26739 --- [    Test worker] JpaBaseConfiguration$JpaWebConfiguration : spring.jpa.open-in-view is enabled by default. Therefore, database queries may be performed during view rendering. Explicitly configure spring.jpa.open-in-view to disable this warning
2023-04-20T23:28:05.177+09:00  INFO 26739 --- [    Test worker] o.s.b.a.h2.H2ConsoleAutoConfiguration    : H2 console available at '/h2-console'. Database available at 'jdbc:h2:~/test'
2023-04-20T23:28:05.247+09:00  INFO 26739 --- [    Test worker] jaeseokstudy.jpademo.MemberTeamTest      : Started MemberTeamTest in 4.571 seconds (process running for 6.143)
]]></system-out>
  <system-err><![CDATA[]]></system-err>
</testsuite>
